<?xml version="1.0" encoding="UTF-8"?>
<testng-results skipped="0" failed="0" ignored="0" total="1" passed="1">
  <reporter-output>
  </reporter-output>
  <suite name="Default suite" duration-ms="3817" started-at="2018-08-24T11:04:46Z" finished-at="2018-08-24T11:04:50Z">
    <groups>
    </groups>
    <test name="Default test" duration-ms="3817" started-at="2018-08-24T11:04:46Z" finished-at="2018-08-24T11:04:50Z">
      <class name="tmssandbox.api.CategoriesGetDetailsCatalouge">
        <test-method status="PASS" signature="Test_01_getDetails()[pri:0, instance:tmssandbox.api.CategoriesGetDetailsCatalouge@f6c48ac]" name="Test_01_getDetails" duration-ms="3762" started-at="2018-08-24T11:04:46Z" finished-at="2018-08-24T11:04:50Z">
          <reporter-output>
          </reporter-output>
        </test-method> <!-- Test_01_getDetails -->
      </class> <!-- tmssandbox.api.CategoriesGetDetailsCatalouge -->
    </test> <!-- Default test -->
  </suite> <!-- Default suite -->
</testng-results>
